[debug] [2020-10-11T01:28:57.032Z] ----------------------------------------------------------------------
[debug] [2020-10-11T01:28:57.034Z] Command:       /usr/local/Cellar/node/14.4.0/bin/node /usr/local/bin/firebase serve
[debug] [2020-10-11T01:28:57.034Z] CLI Version:   8.12.1
[debug] [2020-10-11T01:28:57.034Z] Platform:      darwin
[debug] [2020-10-11T01:28:57.034Z] Node Version:  v14.4.0
[debug] [2020-10-11T01:28:57.036Z] Time:          Sat Oct 10 2020 21:28:57 GMT-0400 (Eastern Daylight Time)
[debug] [2020-10-11T01:28:57.036Z] ----------------------------------------------------------------------
[debug] [2020-10-11T01:28:57.036Z] 
[debug] [2020-10-11T01:28:57.046Z] > command requires scopes: ["email","openid","https://www.googleapis.com/auth/cloudplatformprojects.readonly","https://www.googleapis.com/auth/firebase","https://www.googleapis.com/auth/cloud-platform"]
[debug] [2020-10-11T01:28:57.047Z] > authorizing via signed-in user
[debug] [2020-10-11T01:28:57.047Z] [iam] checking project image-repository-15136 for permissions ["firebase.projects.get"]
[debug] [2020-10-11T01:28:57.050Z] > refreshing access token with scopes: ["email","https://www.googleapis.com/auth/cloud-platform","https://www.googleapis.com/auth/cloudplatformprojects.readonly","https://www.googleapis.com/auth/firebase","openid"]
[debug] [2020-10-11T01:28:57.050Z] >>> HTTP REQUEST POST https://www.googleapis.com/oauth2/v3/token  
 <request body omitted>
[debug] [2020-10-11T01:28:57.294Z] <<< HTTP RESPONSE 200 {"pragma":"no-cache","cache-control":"no-cache, no-store, max-age=0, must-revalidate","date":"Sun, 11 Oct 2020 01:28:57 GMT","expires":"Mon, 01 Jan 1990 00:00:00 GMT","content-type":"application/json; charset=utf-8","vary":"X-Origin, Referer, Origin,Accept-Encoding","server":"scaffolding on HTTPServer2","x-xss-protection":"0","x-frame-options":"SAMEORIGIN","x-content-type-options":"nosniff","alt-svc":"h3-Q050=\":443\"; ma=2592000,h3-29=\":443\"; ma=2592000,h3-27=\":443\"; ma=2592000,h3-T051=\":443\"; ma=2592000,h3-T050=\":443\"; ma=2592000,h3-Q046=\":443\"; ma=2592000,h3-Q043=\":443\"; ma=2592000,quic=\":443\"; ma=2592000; v=\"46,43\"","accept-ranges":"none","transfer-encoding":"chunked"}
[debug] [2020-10-11T01:28:57.320Z] >>> HTTP REQUEST POST https://cloudresourcemanager.googleapis.com/v1/projects/image-repository-15136:testIamPermissions  
 {"permissions":["firebase.projects.get"]}
[debug] [2020-10-11T01:28:57.556Z] <<< HTTP RESPONSE 200 {"content-type":"application/json; charset=UTF-8","vary":"X-Origin, Referer, Origin,Accept-Encoding","date":"Sun, 11 Oct 2020 01:28:57 GMT","server":"ESF","cache-control":"private","x-xss-protection":"0","x-frame-options":"SAMEORIGIN","x-content-type-options":"nosniff","server-timing":"gfet4t7; dur=163","alt-svc":"h3-Q050=\":443\"; ma=2592000,h3-29=\":443\"; ma=2592000,h3-27=\":443\"; ma=2592000,h3-T051=\":443\"; ma=2592000,h3-T050=\":443\"; ma=2592000,h3-Q046=\":443\"; ma=2592000,h3-Q043=\":443\"; ma=2592000,quic=\":443\"; ma=2592000; v=\"46,43\"","accept-ranges":"none","transfer-encoding":"chunked"}
[debug] [2020-10-11T01:28:57.558Z] >>> HTTP REQUEST GET https://firebase.googleapis.com/v1beta1/projects/image-repository-15136  
 
[debug] [2020-10-11T01:28:57.729Z] <<< HTTP RESPONSE 200 {"content-type":"application/json; charset=UTF-8","vary":"X-Origin, Referer, Origin,Accept-Encoding","date":"Sun, 11 Oct 2020 01:28:57 GMT","server":"ESF","cache-control":"private","x-xss-protection":"0","x-frame-options":"SAMEORIGIN","x-content-type-options":"nosniff","alt-svc":"h3-Q050=\":443\"; ma=2592000,h3-29=\":443\"; ma=2592000,h3-27=\":443\"; ma=2592000,h3-T051=\":443\"; ma=2592000,h3-T050=\":443\"; ma=2592000,h3-Q046=\":443\"; ma=2592000,h3-Q043=\":443\"; ma=2592000,quic=\":443\"; ma=2592000; v=\"46,43\"","accept-ranges":"none","transfer-encoding":"chunked"}
[info] 
[info] === Serving from '/Users/Masha/Desktop/image-repository'...
[info] 
[debug] [2020-10-11T01:28:57.732Z] >>> HTTP REQUEST GET https://firebase.googleapis.com/v1beta1/projects/image-repository-15136/webApps/-/config  
 
[debug] [2020-10-11T01:28:58.267Z] <<< HTTP RESPONSE 200 {"content-type":"application/json; charset=UTF-8","vary":"X-Origin, Referer, Origin,Accept-Encoding","date":"Sun, 11 Oct 2020 01:28:58 GMT","server":"ESF","cache-control":"private","x-xss-protection":"0","x-frame-options":"SAMEORIGIN","x-content-type-options":"nosniff","alt-svc":"h3-Q050=\":443\"; ma=2592000,h3-29=\":443\"; ma=2592000,h3-27=\":443\"; ma=2592000,h3-T051=\":443\"; ma=2592000,h3-T050=\":443\"; ma=2592000,h3-Q046=\":443\"; ma=2592000,h3-Q043=\":443\"; ma=2592000,quic=\":443\"; ma=2592000; v=\"46,43\"","accept-ranges":"none","transfer-encoding":"chunked"}
[info] i  hosting: Serving hosting files from: public {"metadata":{"emulator":{"name":"hosting"},"message":"Serving hosting files from: \u001b[1mpublic\u001b[22m"}}
[info] ✔  hosting: Local server: http://localhost:5000 {"metadata":{"emulator":{"name":"hosting"},"message":"Local server: \u001b[4m\u001b[1mhttp://localhost:5000\u001b[22m\u001b[24m"}}
[info] i  hosting: 127.0.0.1 - - [11/Oct/2020:01:29:07 +0000] "GET / HTTP/1.1" 200 1721 "-" "Mozilla/5.0 (Macintosh; Intel Mac OS X 10_15_6) AppleWebKit/537.36 (KHTML, like Gecko) Chrome/85.0.4183.121 Safari/537.36" {"metadata":{"emulator":{"name":"hosting"},"message":"127.0.0.1 - - [11/Oct/2020:01:29:07 +0000] \"GET / HTTP/1.1\" 200 1721 \"-\" \"Mozilla/5.0 (Macintosh; Intel Mac OS X 10_15_6) AppleWebKit/537.36 (KHTML, like Gecko) Chrome/85.0.4183.121 Safari/537.36\""}}
[info] i  hosting: 127.0.0.1 - - [11/Oct/2020:01:29:50 +0000] "GET /%PUBLIC_URL%/favicon.ico HTTP/1.1" - - "http://localhost:5000/" "Mozilla/5.0 (Macintosh; Intel Mac OS X 10_15_6) AppleWebKit/537.36 (KHTML, like Gecko) Chrome/85.0.4183.121 Safari/537.36" {"metadata":{"emulator":{"name":"hosting"},"message":"127.0.0.1 - - [11/Oct/2020:01:29:50 +0000] \"GET /%PUBLIC_URL%/favicon.ico HTTP/1.1\" - - \"http://localhost:5000/\" \"Mozilla/5.0 (Macintosh; Intel Mac OS X 10_15_6) AppleWebKit/537.36 (KHTML, like Gecko) Chrome/85.0.4183.121 Safari/537.36\""}}
[info] i  hosting: 127.0.0.1 - - [11/Oct/2020:01:29:50 +0000] "GET /%PUBLIC_URL%/manifest.json HTTP/1.1" - - "http://localhost:5000/" "Mozilla/5.0 (Macintosh; Intel Mac OS X 10_15_6) AppleWebKit/537.36 (KHTML, like Gecko) Chrome/85.0.4183.121 Safari/537.36" {"metadata":{"emulator":{"name":"hosting"},"message":"127.0.0.1 - - [11/Oct/2020:01:29:50 +0000] \"GET /%PUBLIC_URL%/manifest.json HTTP/1.1\" - - \"http://localhost:5000/\" \"Mozilla/5.0 (Macintosh; Intel Mac OS X 10_15_6) AppleWebKit/537.36 (KHTML, like Gecko) Chrome/85.0.4183.121 Safari/537.36\""}}
[debug] [2020-10-11T01:30:16.007Z] ----------------------------------------------------------------------
[debug] [2020-10-11T01:30:16.009Z] Command:       /usr/local/Cellar/node/14.4.0/bin/node /usr/local/bin/firebase serve
[debug] [2020-10-11T01:30:16.010Z] CLI Version:   8.12.1
[debug] [2020-10-11T01:30:16.010Z] Platform:      darwin
[debug] [2020-10-11T01:30:16.010Z] Node Version:  v14.4.0
[debug] [2020-10-11T01:30:16.011Z] Time:          Sat Oct 10 2020 21:30:16 GMT-0400 (Eastern Daylight Time)
[debug] [2020-10-11T01:30:16.011Z] ----------------------------------------------------------------------
[debug] [2020-10-11T01:30:16.011Z] 
[debug] [2020-10-11T01:30:16.017Z] > command requires scopes: ["email","openid","https://www.googleapis.com/auth/cloudplatformprojects.readonly","https://www.googleapis.com/auth/firebase","https://www.googleapis.com/auth/cloud-platform"]
[debug] [2020-10-11T01:30:16.017Z] > authorizing via signed-in user
[debug] [2020-10-11T01:30:16.018Z] [iam] checking project image-repository-15136 for permissions ["firebase.projects.get"]
[debug] [2020-10-11T01:30:16.020Z] >>> HTTP REQUEST POST https://cloudresourcemanager.googleapis.com/v1/projects/image-repository-15136:testIamPermissions  
 {"permissions":["firebase.projects.get"]}
[debug] [2020-10-11T01:30:16.262Z] <<< HTTP RESPONSE 200 {"content-type":"application/json; charset=UTF-8","vary":"X-Origin, Referer, Origin,Accept-Encoding","date":"Sun, 11 Oct 2020 01:30:16 GMT","server":"ESF","cache-control":"private","x-xss-protection":"0","x-frame-options":"SAMEORIGIN","x-content-type-options":"nosniff","server-timing":"gfet4t7; dur=172","alt-svc":"h3-Q050=\":443\"; ma=2592000,h3-29=\":443\"; ma=2592000,h3-27=\":443\"; ma=2592000,h3-T051=\":443\"; ma=2592000,h3-T050=\":443\"; ma=2592000,h3-Q046=\":443\"; ma=2592000,h3-Q043=\":443\"; ma=2592000,quic=\":443\"; ma=2592000; v=\"46,43\"","accept-ranges":"none","transfer-encoding":"chunked"}
[debug] [2020-10-11T01:30:16.264Z] >>> HTTP REQUEST GET https://firebase.googleapis.com/v1beta1/projects/image-repository-15136  
 
[debug] [2020-10-11T01:30:16.434Z] <<< HTTP RESPONSE 200 {"content-type":"application/json; charset=UTF-8","vary":"X-Origin, Referer, Origin,Accept-Encoding","date":"Sun, 11 Oct 2020 01:30:16 GMT","server":"ESF","cache-control":"private","x-xss-protection":"0","x-frame-options":"SAMEORIGIN","x-content-type-options":"nosniff","alt-svc":"h3-Q050=\":443\"; ma=2592000,h3-29=\":443\"; ma=2592000,h3-27=\":443\"; ma=2592000,h3-T051=\":443\"; ma=2592000,h3-T050=\":443\"; ma=2592000,h3-Q046=\":443\"; ma=2592000,h3-Q043=\":443\"; ma=2592000,quic=\":443\"; ma=2592000; v=\"46,43\"","accept-ranges":"none","transfer-encoding":"chunked"}
[info] 
[info] === Serving from '/Users/Masha/Desktop/image-repository'...
[info] 
[debug] [2020-10-11T01:30:16.438Z] >>> HTTP REQUEST GET https://firebase.googleapis.com/v1beta1/projects/image-repository-15136/webApps/-/config  
 
[debug] [2020-10-11T01:30:16.783Z] <<< HTTP RESPONSE 200 {"content-type":"application/json; charset=UTF-8","vary":"X-Origin, Referer, Origin,Accept-Encoding","date":"Sun, 11 Oct 2020 01:30:16 GMT","server":"ESF","cache-control":"private","x-xss-protection":"0","x-frame-options":"SAMEORIGIN","x-content-type-options":"nosniff","alt-svc":"h3-Q050=\":443\"; ma=2592000,h3-29=\":443\"; ma=2592000,h3-27=\":443\"; ma=2592000,h3-T051=\":443\"; ma=2592000,h3-T050=\":443\"; ma=2592000,h3-Q046=\":443\"; ma=2592000,h3-Q043=\":443\"; ma=2592000,quic=\":443\"; ma=2592000; v=\"46,43\"","accept-ranges":"none","transfer-encoding":"chunked"}
[info] i  hosting: Serving hosting files from: public {"metadata":{"emulator":{"name":"hosting"},"message":"Serving hosting files from: \u001b[1mpublic\u001b[22m"}}
[info] ✔  hosting: Local server: http://localhost:5000 {"metadata":{"emulator":{"name":"hosting"},"message":"Local server: \u001b[4m\u001b[1mhttp://localhost:5000\u001b[22m\u001b[24m"}}
[info] i  hosting: 127.0.0.1 - - [11/Oct/2020:01:30:31 +0000] "GET /%PUBLIC_URL%/favicon.ico HTTP/1.1" - - "http://localhost:5000/" "Mozilla/5.0 (Macintosh; Intel Mac OS X 10_15_6) AppleWebKit/537.36 (KHTML, like Gecko) Chrome/85.0.4183.121 Safari/537.36" {"metadata":{"emulator":{"name":"hosting"},"message":"127.0.0.1 - - [11/Oct/2020:01:30:31 +0000] \"GET /%PUBLIC_URL%/favicon.ico HTTP/1.1\" - - \"http://localhost:5000/\" \"Mozilla/5.0 (Macintosh; Intel Mac OS X 10_15_6) AppleWebKit/537.36 (KHTML, like Gecko) Chrome/85.0.4183.121 Safari/537.36\""}}
[info] i  hosting: 127.0.0.1 - - [11/Oct/2020:01:30:31 +0000] "GET /%PUBLIC_URL%/manifest.json HTTP/1.1" - - "http://localhost:5000/" "Mozilla/5.0 (Macintosh; Intel Mac OS X 10_15_6) AppleWebKit/537.36 (KHTML, like Gecko) Chrome/85.0.4183.121 Safari/537.36" {"metadata":{"emulator":{"name":"hosting"},"message":"127.0.0.1 - - [11/Oct/2020:01:30:31 +0000] \"GET /%PUBLIC_URL%/manifest.json HTTP/1.1\" - - \"http://localhost:5000/\" \"Mozilla/5.0 (Macintosh; Intel Mac OS X 10_15_6) AppleWebKit/537.36 (KHTML, like Gecko) Chrome/85.0.4183.121 Safari/537.36\""}}
